2015/04/27 13:56:22 [error] [php] ob_get_contents() expects exactly 0 parameters, 1 given (/srv/www/vhosts/gitapi/themes/gitapi/views/site/index.php:18)
Stack trace:
#0 /srv/www/vhosts/yii-1.1/framework/web/CBaseController.php(95): SiteController->renderInternal()
#1 /srv/www/vhosts/yii-1.1/framework/web/CController.php(869): SiteController->renderFile()
#2 /srv/www/vhosts/yii-1.1/framework/web/CController.php(782): SiteController->renderPartial()
#3 /srv/www/vhosts/gitapi/protected/controllers/SiteController.php(32): SiteController->render()
#4 /srv/www/vhosts/yii-1.1/framework/web/actions/CInlineAction.php(49): SiteController->actionIndex()
#5 /srv/www/vhosts/yii-1.1/framework/web/CController.php(308): CInlineAction->runWithParams()
#6 /srv/www/vhosts/yii-1.1/framework/web/CController.php(286): SiteController->runAction()
#7 /srv/www/vhosts/yii-1.1/framework/web/CController.php(265): SiteController->runActionWithFilters()
#8 /srv/www/vhosts/yii-1.1/framework/web/CWebApplication.php(282): SiteController->run()
#9 /srv/www/vhosts/yii-1.1/framework/web/CWebApplication.php(141): CWebApplication->runController()
#10 /srv/www/vhosts/yii-1.1/framework/base/CApplication.php(184): CWebApplication->processRequest()
#11 /srv/www/vhosts/gitapi/index.php(13): CWebApplication->run()
REQUEST_URI=/
in /srv/www/vhosts/gitapi/themes/gitapi/views/site/index.php (18)
in /srv/www/vhosts/gitapi/protected/controllers/SiteController.php (32)
in /srv/www/vhosts/gitapi/index.php (13)
2015/04/27 13:58:18 [error] [php] file_get_contents(https://api.github.com/search/repositories?q=tetris+language:assembly&amp;sort=stars&amp;order=desc): failed to open stream: HTTP request failed! HTTP/1.0 403 Forbidden
 (/srv/www/vhosts/gitapi/themes/gitapi/views/site/index.php:18)
Stack trace:
#0 /srv/www/vhosts/yii-1.1/framework/web/CBaseController.php(95): SiteController->renderInternal()
#1 /srv/www/vhosts/yii-1.1/framework/web/CController.php(869): SiteController->renderFile()
#2 /srv/www/vhosts/yii-1.1/framework/web/CController.php(782): SiteController->renderPartial()
#3 /srv/www/vhosts/gitapi/protected/controllers/SiteController.php(32): SiteController->render()
#4 /srv/www/vhosts/yii-1.1/framework/web/actions/CInlineAction.php(49): SiteController->actionIndex()
#5 /srv/www/vhosts/yii-1.1/framework/web/CController.php(308): CInlineAction->runWithParams()
#6 /srv/www/vhosts/yii-1.1/framework/web/CController.php(286): SiteController->runAction()
#7 /srv/www/vhosts/yii-1.1/framework/web/CController.php(265): SiteController->runActionWithFilters()
#8 /srv/www/vhosts/yii-1.1/framework/web/CWebApplication.php(282): SiteController->run()
#9 /srv/www/vhosts/yii-1.1/framework/web/CWebApplication.php(141): CWebApplication->runController()
#10 /srv/www/vhosts/yii-1.1/framework/base/CApplication.php(184): CWebApplication->processRequest()
#11 /srv/www/vhosts/gitapi/index.php(13): CWebApplication->run()
REQUEST_URI=/
in /srv/www/vhosts/gitapi/themes/gitapi/views/site/index.php (18)
in /srv/www/vhosts/gitapi/protected/controllers/SiteController.php (32)
in /srv/www/vhosts/gitapi/index.php (13)
2015/04/27 14:22:16 [error] [php] file_get_contents(https://api.github.com/search/repositories?q=tetris+language:assembly&amp;sort=stars&amp;order=desc): failed to open stream: HTTP request failed! HTTP/1.0 403 Forbidden
 (/srv/www/vhosts/gitapi/themes/gitapi/views/site/index.php:18)
Stack trace:
#0 /srv/www/vhosts/yii-1.1/framework/web/CBaseController.php(95): SiteController->renderInternal()
#1 /srv/www/vhosts/yii-1.1/framework/web/CController.php(869): SiteController->renderFile()
#2 /srv/www/vhosts/yii-1.1/framework/web/CController.php(782): SiteController->renderPartial()
#3 /srv/www/vhosts/gitapi/protected/controllers/SiteController.php(32): SiteController->render()
#4 /srv/www/vhosts/yii-1.1/framework/web/actions/CInlineAction.php(49): SiteController->actionIndex()
#5 /srv/www/vhosts/yii-1.1/framework/web/CController.php(308): CInlineAction->runWithParams()
#6 /srv/www/vhosts/yii-1.1/framework/web/CController.php(286): SiteController->runAction()
#7 /srv/www/vhosts/yii-1.1/framework/web/CController.php(265): SiteController->runActionWithFilters()
#8 /srv/www/vhosts/yii-1.1/framework/web/CWebApplication.php(282): SiteController->run()
#9 /srv/www/vhosts/yii-1.1/framework/web/CWebApplication.php(141): CWebApplication->runController()
#10 /srv/www/vhosts/yii-1.1/framework/base/CApplication.php(184): CWebApplication->processRequest()
#11 /srv/www/vhosts/gitapi/index.php(13): CWebApplication->run()
REQUEST_URI=/
in /srv/www/vhosts/gitapi/themes/gitapi/views/site/index.php (18)
in /srv/www/vhosts/gitapi/protected/controllers/SiteController.php (32)
in /srv/www/vhosts/gitapi/index.php (13)
2015/04/27 14:43:27 [error] [php] file_get_contents(https://api.github.com/search/repositories?q=tetris+language:assembly&amp;sort=stars&amp;order=desc): failed to open stream: HTTP request failed! HTTP/1.0 403 Forbidden
 (/srv/www/vhosts/gitapi/themes/gitapi/views/site/index.php:18)
Stack trace:
#0 /srv/www/vhosts/yii-1.1/framework/web/CBaseController.php(95): SiteController->renderInternal()
#1 /srv/www/vhosts/yii-1.1/framework/web/CController.php(869): SiteController->renderFile()
#2 /srv/www/vhosts/yii-1.1/framework/web/CController.php(782): SiteController->renderPartial()
#3 /srv/www/vhosts/gitapi/protected/controllers/SiteController.php(32): SiteController->render()
#4 /srv/www/vhosts/yii-1.1/framework/web/actions/CInlineAction.php(49): SiteController->actionIndex()
#5 /srv/www/vhosts/yii-1.1/framework/web/CController.php(308): CInlineAction->runWithParams()
#6 /srv/www/vhosts/yii-1.1/framework/web/CController.php(286): SiteController->runAction()
#7 /srv/www/vhosts/yii-1.1/framework/web/CController.php(265): SiteController->runActionWithFilters()
#8 /srv/www/vhosts/yii-1.1/framework/web/CWebApplication.php(282): SiteController->run()
#9 /srv/www/vhosts/yii-1.1/framework/web/CWebApplication.php(141): CWebApplication->runController()
#10 /srv/www/vhosts/yii-1.1/framework/base/CApplication.php(184): CWebApplication->processRequest()
#11 /srv/www/vhosts/gitapi/index.php(13): CWebApplication->run()
REQUEST_URI=/
in /srv/www/vhosts/gitapi/themes/gitapi/views/site/index.php (18)
in /srv/www/vhosts/gitapi/protected/controllers/SiteController.php (32)
in /srv/www/vhosts/gitapi/index.php (13)
2015/04/27 14:43:57 [error] [php] http_build_query(): Parameter 1 expected to be Array or Object.  Incorrect value given (/srv/www/vhosts/gitapi/themes/gitapi/views/site/index.php:56)
Stack trace:
#0 /srv/www/vhosts/yii-1.1/framework/web/CBaseController.php(126): require()
#1 /srv/www/vhosts/yii-1.1/framework/web/CBaseController.php(95): SiteController->renderInternal()
#2 /srv/www/vhosts/yii-1.1/framework/web/CController.php(869): SiteController->renderFile()
#3 /srv/www/vhosts/yii-1.1/framework/web/CController.php(782): SiteController->renderPartial()
#4 /srv/www/vhosts/gitapi/protected/controllers/SiteController.php(32): SiteController->render()
#5 /srv/www/vhosts/yii-1.1/framework/web/actions/CInlineAction.php(49): SiteController->actionIndex()
#6 /srv/www/vhosts/yii-1.1/framework/web/CController.php(308): CInlineAction->runWithParams()
#7 /srv/www/vhosts/yii-1.1/framework/web/CController.php(286): SiteController->runAction()
#8 /srv/www/vhosts/yii-1.1/framework/web/CController.php(265): SiteController->runActionWithFilters()
#9 /srv/www/vhosts/yii-1.1/framework/web/CWebApplication.php(282): SiteController->run()
#10 /srv/www/vhosts/yii-1.1/framework/web/CWebApplication.php(141): CWebApplication->runController()
#11 /srv/www/vhosts/yii-1.1/framework/base/CApplication.php(184): CWebApplication->processRequest()
#12 /srv/www/vhosts/gitapi/index.php(13): CWebApplication->run()
REQUEST_URI=/
in /srv/www/vhosts/gitapi/themes/gitapi/views/site/index.php (56)
in /srv/www/vhosts/gitapi/themes/gitapi/views/site/index.php (71)
in /srv/www/vhosts/gitapi/protected/controllers/SiteController.php (32)
2015/04/27 14:43:58 [error] [php] http_build_query(): Parameter 1 expected to be Array or Object.  Incorrect value given (/srv/www/vhosts/gitapi/themes/gitapi/views/site/index.php:56)
Stack trace:
#0 /srv/www/vhosts/yii-1.1/framework/web/CBaseController.php(126): require()
#1 /srv/www/vhosts/yii-1.1/framework/web/CBaseController.php(95): SiteController->renderInternal()
#2 /srv/www/vhosts/yii-1.1/framework/web/CController.php(869): SiteController->renderFile()
#3 /srv/www/vhosts/yii-1.1/framework/web/CController.php(782): SiteController->renderPartial()
#4 /srv/www/vhosts/gitapi/protected/controllers/SiteController.php(32): SiteController->render()
#5 /srv/www/vhosts/yii-1.1/framework/web/actions/CInlineAction.php(49): SiteController->actionIndex()
#6 /srv/www/vhosts/yii-1.1/framework/web/CController.php(308): CInlineAction->runWithParams()
#7 /srv/www/vhosts/yii-1.1/framework/web/CController.php(286): SiteController->runAction()
#8 /srv/www/vhosts/yii-1.1/framework/web/CController.php(265): SiteController->runActionWithFilters()
#9 /srv/www/vhosts/yii-1.1/framework/web/CWebApplication.php(282): SiteController->run()
#10 /srv/www/vhosts/yii-1.1/framework/web/CWebApplication.php(141): CWebApplication->runController()
#11 /srv/www/vhosts/yii-1.1/framework/base/CApplication.php(184): CWebApplication->processRequest()
#12 /srv/www/vhosts/gitapi/index.php(13): CWebApplication->run()
REQUEST_URI=/
in /srv/www/vhosts/gitapi/themes/gitapi/views/site/index.php (56)
in /srv/www/vhosts/gitapi/themes/gitapi/views/site/index.php (71)
in /srv/www/vhosts/gitapi/protected/controllers/SiteController.php (32)
2015/04/27 14:43:59 [error] [php] http_build_query(): Parameter 1 expected to be Array or Object.  Incorrect value given (/srv/www/vhosts/gitapi/themes/gitapi/views/site/index.php:56)
Stack trace:
#0 /srv/www/vhosts/yii-1.1/framework/web/CBaseController.php(126): require()
#1 /srv/www/vhosts/yii-1.1/framework/web/CBaseController.php(95): SiteController->renderInternal()
#2 /srv/www/vhosts/yii-1.1/framework/web/CController.php(869): SiteController->renderFile()
#3 /srv/www/vhosts/yii-1.1/framework/web/CController.php(782): SiteController->renderPartial()
#4 /srv/www/vhosts/gitapi/protected/controllers/SiteController.php(32): SiteController->render()
#5 /srv/www/vhosts/yii-1.1/framework/web/actions/CInlineAction.php(49): SiteController->actionIndex()
#6 /srv/www/vhosts/yii-1.1/framework/web/CController.php(308): CInlineAction->runWithParams()
#7 /srv/www/vhosts/yii-1.1/framework/web/CController.php(286): SiteController->runAction()
#8 /srv/www/vhosts/yii-1.1/framework/web/CController.php(265): SiteController->runActionWithFilters()
#9 /srv/www/vhosts/yii-1.1/framework/web/CWebApplication.php(282): SiteController->run()
#10 /srv/www/vhosts/yii-1.1/framework/web/CWebApplication.php(141): CWebApplication->runController()
#11 /srv/www/vhosts/yii-1.1/framework/base/CApplication.php(184): CWebApplication->processRequest()
#12 /srv/www/vhosts/gitapi/index.php(13): CWebApplication->run()
REQUEST_URI=/
in /srv/www/vhosts/gitapi/themes/gitapi/views/site/index.php (56)
in /srv/www/vhosts/gitapi/themes/gitapi/views/site/index.php (71)
in /srv/www/vhosts/gitapi/protected/controllers/SiteController.php (32)
2015/04/27 14:44:00 [error] [php] http_build_query(): Parameter 1 expected to be Array or Object.  Incorrect value given (/srv/www/vhosts/gitapi/themes/gitapi/views/site/index.php:56)
Stack trace:
#0 /srv/www/vhosts/yii-1.1/framework/web/CBaseController.php(126): require()
#1 /srv/www/vhosts/yii-1.1/framework/web/CBaseController.php(95): SiteController->renderInternal()
#2 /srv/www/vhosts/yii-1.1/framework/web/CController.php(869): SiteController->renderFile()
#3 /srv/www/vhosts/yii-1.1/framework/web/CController.php(782): SiteController->renderPartial()
#4 /srv/www/vhosts/gitapi/protected/controllers/SiteController.php(32): SiteController->render()
#5 /srv/www/vhosts/yii-1.1/framework/web/actions/CInlineAction.php(49): SiteController->actionIndex()
#6 /srv/www/vhosts/yii-1.1/framework/web/CController.php(308): CInlineAction->runWithParams()
#7 /srv/www/vhosts/yii-1.1/framework/web/CController.php(286): SiteController->runAction()
#8 /srv/www/vhosts/yii-1.1/framework/web/CController.php(265): SiteController->runActionWithFilters()
#9 /srv/www/vhosts/yii-1.1/framework/web/CWebApplication.php(282): SiteController->run()
#10 /srv/www/vhosts/yii-1.1/framework/web/CWebApplication.php(141): CWebApplication->runController()
#11 /srv/www/vhosts/yii-1.1/framework/base/CApplication.php(184): CWebApplication->processRequest()
#12 /srv/www/vhosts/gitapi/index.php(13): CWebApplication->run()
REQUEST_URI=/
in /srv/www/vhosts/gitapi/themes/gitapi/views/site/index.php (56)
in /srv/www/vhosts/gitapi/themes/gitapi/views/site/index.php (71)
in /srv/www/vhosts/gitapi/protected/controllers/SiteController.php (32)
2015/04/27 14:44:00 [error] [php] http_build_query(): Parameter 1 expected to be Array or Object.  Incorrect value given (/srv/www/vhosts/gitapi/themes/gitapi/views/site/index.php:56)
Stack trace:
#0 /srv/www/vhosts/yii-1.1/framework/web/CBaseController.php(126): require()
#1 /srv/www/vhosts/yii-1.1/framework/web/CBaseController.php(95): SiteController->renderInternal()
#2 /srv/www/vhosts/yii-1.1/framework/web/CController.php(869): SiteController->renderFile()
#3 /srv/www/vhosts/yii-1.1/framework/web/CController.php(782): SiteController->renderPartial()
#4 /srv/www/vhosts/gitapi/protected/controllers/SiteController.php(32): SiteController->render()
#5 /srv/www/vhosts/yii-1.1/framework/web/actions/CInlineAction.php(49): SiteController->actionIndex()
#6 /srv/www/vhosts/yii-1.1/framework/web/CController.php(308): CInlineAction->runWithParams()
#7 /srv/www/vhosts/yii-1.1/framework/web/CController.php(286): SiteController->runAction()
#8 /srv/www/vhosts/yii-1.1/framework/web/CController.php(265): SiteController->runActionWithFilters()
#9 /srv/www/vhosts/yii-1.1/framework/web/CWebApplication.php(282): SiteController->run()
#10 /srv/www/vhosts/yii-1.1/framework/web/CWebApplication.php(141): CWebApplication->runController()
#11 /srv/www/vhosts/yii-1.1/framework/base/CApplication.php(184): CWebApplication->processRequest()
#12 /srv/www/vhosts/gitapi/index.php(13): CWebApplication->run()
REQUEST_URI=/
in /srv/www/vhosts/gitapi/themes/gitapi/views/site/index.php (56)
in /srv/www/vhosts/gitapi/themes/gitapi/views/site/index.php (71)
in /srv/www/vhosts/gitapi/protected/controllers/SiteController.php (32)
2015/04/27 14:45:40 [error] [php] http_build_query(): Parameter 1 expected to be Array or Object.  Incorrect value given (/srv/www/vhosts/gitapi/themes/gitapi/views/site/index.php:55)
Stack trace:
#0 /srv/www/vhosts/yii-1.1/framework/web/CBaseController.php(126): require()
#1 /srv/www/vhosts/yii-1.1/framework/web/CBaseController.php(95): SiteController->renderInternal()
#2 /srv/www/vhosts/yii-1.1/framework/web/CController.php(869): SiteController->renderFile()
#3 /srv/www/vhosts/yii-1.1/framework/web/CController.php(782): SiteController->renderPartial()
#4 /srv/www/vhosts/gitapi/protected/controllers/SiteController.php(32): SiteController->render()
#5 /srv/www/vhosts/yii-1.1/framework/web/actions/CInlineAction.php(49): SiteController->actionIndex()
#6 /srv/www/vhosts/yii-1.1/framework/web/CController.php(308): CInlineAction->runWithParams()
#7 /srv/www/vhosts/yii-1.1/framework/web/CController.php(286): SiteController->runAction()
#8 /srv/www/vhosts/yii-1.1/framework/web/CController.php(265): SiteController->runActionWithFilters()
#9 /srv/www/vhosts/yii-1.1/framework/web/CWebApplication.php(282): SiteController->run()
#10 /srv/www/vhosts/yii-1.1/framework/web/CWebApplication.php(141): CWebApplication->runController()
#11 /srv/www/vhosts/yii-1.1/framework/base/CApplication.php(184): CWebApplication->processRequest()
#12 /srv/www/vhosts/gitapi/index.php(13): CWebApplication->run()
REQUEST_URI=/
in /srv/www/vhosts/gitapi/themes/gitapi/views/site/index.php (55)
in /srv/www/vhosts/gitapi/themes/gitapi/views/site/index.php (74)
in /srv/www/vhosts/gitapi/protected/controllers/SiteController.php (32)
2015/04/27 14:45:41 [error] [php] http_build_query(): Parameter 1 expected to be Array or Object.  Incorrect value given (/srv/www/vhosts/gitapi/themes/gitapi/views/site/index.php:55)
Stack trace:
#0 /srv/www/vhosts/yii-1.1/framework/web/CBaseController.php(126): require()
#1 /srv/www/vhosts/yii-1.1/framework/web/CBaseController.php(95): SiteController->renderInternal()
#2 /srv/www/vhosts/yii-1.1/framework/web/CController.php(869): SiteController->renderFile()
#3 /srv/www/vhosts/yii-1.1/framework/web/CController.php(782): SiteController->renderPartial()
#4 /srv/www/vhosts/gitapi/protected/controllers/SiteController.php(32): SiteController->render()
#5 /srv/www/vhosts/yii-1.1/framework/web/actions/CInlineAction.php(49): SiteController->actionIndex()
#6 /srv/www/vhosts/yii-1.1/framework/web/CController.php(308): CInlineAction->runWithParams()
#7 /srv/www/vhosts/yii-1.1/framework/web/CController.php(286): SiteController->runAction()
#8 /srv/www/vhosts/yii-1.1/framework/web/CController.php(265): SiteController->runActionWithFilters()
#9 /srv/www/vhosts/yii-1.1/framework/web/CWebApplication.php(282): SiteController->run()
#10 /srv/www/vhosts/yii-1.1/framework/web/CWebApplication.php(141): CWebApplication->runController()
#11 /srv/www/vhosts/yii-1.1/framework/base/CApplication.php(184): CWebApplication->processRequest()
#12 /srv/www/vhosts/gitapi/index.php(13): CWebApplication->run()
REQUEST_URI=/
in /srv/www/vhosts/gitapi/themes/gitapi/views/site/index.php (55)
in /srv/www/vhosts/gitapi/themes/gitapi/views/site/index.php (74)
in /srv/www/vhosts/gitapi/protected/controllers/SiteController.php (32)
2015/04/27 15:41:53 [error] [php] fopen(cookies.txt): failed to open stream: Permission denied (/srv/www/vhosts/gitapi/themes/gitapi/views/site/index.php:36)
Stack trace:
#0 /srv/www/vhosts/gitapi/themes/gitapi/views/site/index.php(13): cURL->cURL()
#1 /srv/www/vhosts/yii-1.1/framework/web/CBaseController.php(126): require()
#2 /srv/www/vhosts/yii-1.1/framework/web/CBaseController.php(95): SiteController->renderInternal()
#3 /srv/www/vhosts/yii-1.1/framework/web/CController.php(869): SiteController->renderFile()
#4 /srv/www/vhosts/yii-1.1/framework/web/CController.php(782): SiteController->renderPartial()
#5 /srv/www/vhosts/gitapi/protected/controllers/SiteController.php(32): SiteController->render()
#6 /srv/www/vhosts/yii-1.1/framework/web/actions/CInlineAction.php(49): SiteController->actionIndex()
#7 /srv/www/vhosts/yii-1.1/framework/web/CController.php(308): CInlineAction->runWithParams()
#8 /srv/www/vhosts/yii-1.1/framework/web/CController.php(286): SiteController->runAction()
#9 /srv/www/vhosts/yii-1.1/framework/web/CController.php(265): SiteController->runActionWithFilters()
#10 /srv/www/vhosts/yii-1.1/framework/web/CWebApplication.php(282): SiteController->run()
#11 /srv/www/vhosts/yii-1.1/framework/web/CWebApplication.php(141): CWebApplication->runController()
#12 /srv/www/vhosts/yii-1.1/framework/base/CApplication.php(184): CWebApplication->processRequest()
#13 /srv/www/vhosts/gitapi/index.php(13): CWebApplication->run()
REQUEST_URI=/
in /srv/www/vhosts/gitapi/themes/gitapi/views/site/index.php (36)
in /srv/www/vhosts/gitapi/themes/gitapi/views/site/index.php (30)
in /srv/www/vhosts/gitapi/themes/gitapi/views/site/index.php (13)
2015/04/27 15:42:45 [error] [php] fclose() expects parameter 1 to be resource, string given (/srv/www/vhosts/gitapi/themes/gitapi/views/site/index.php:38)
Stack trace:
#0 /srv/www/vhosts/gitapi/themes/gitapi/views/site/index.php(13): cURL->cURL()
#1 /srv/www/vhosts/yii-1.1/framework/web/CBaseController.php(126): require()
#2 /srv/www/vhosts/yii-1.1/framework/web/CBaseController.php(95): SiteController->renderInternal()
#3 /srv/www/vhosts/yii-1.1/framework/web/CController.php(869): SiteController->renderFile()
#4 /srv/www/vhosts/yii-1.1/framework/web/CController.php(782): SiteController->renderPartial()
#5 /srv/www/vhosts/gitapi/protected/controllers/SiteController.php(32): SiteController->render()
#6 /srv/www/vhosts/yii-1.1/framework/web/actions/CInlineAction.php(49): SiteController->actionIndex()
#7 /srv/www/vhosts/yii-1.1/framework/web/CController.php(308): CInlineAction->runWithParams()
#8 /srv/www/vhosts/yii-1.1/framework/web/CController.php(286): SiteController->runAction()
#9 /srv/www/vhosts/yii-1.1/framework/web/CController.php(265): SiteController->runActionWithFilters()
#10 /srv/www/vhosts/yii-1.1/framework/web/CWebApplication.php(282): SiteController->run()
#11 /srv/www/vhosts/yii-1.1/framework/web/CWebApplication.php(141): CWebApplication->runController()
#12 /srv/www/vhosts/yii-1.1/framework/base/CApplication.php(184): CWebApplication->processRequest()
#13 /srv/www/vhosts/gitapi/index.php(13): CWebApplication->run()
REQUEST_URI=/
in /srv/www/vhosts/gitapi/themes/gitapi/views/site/index.php (38)
in /srv/www/vhosts/gitapi/themes/gitapi/views/site/index.php (30)
in /srv/www/vhosts/gitapi/themes/gitapi/views/site/index.php (13)
2015/04/27 17:11:35 [error] [exception.CException] exception 'CException' with message 'Property "cURL.cookies" is not defined.' in /srv/www/vhosts/yii-1.1/framework/base/CComponent.php:173
Stack trace:
#0 /srv/www/vhosts/gitapi/protected/components/cURL.php(22): CComponent->__set('cookies', true)
#1 /srv/www/vhosts/gitapi/themes/gitapi/views/site/index.php(14): cURL->cURL()
#2 /srv/www/vhosts/yii-1.1/framework/web/CBaseController.php(126): require('/srv/www/vhosts...')
#3 /srv/www/vhosts/yii-1.1/framework/web/CBaseController.php(95): CBaseController->renderInternal('/srv/www/vhosts...', NULL, true)
#4 /srv/www/vhosts/yii-1.1/framework/web/CController.php(869): CBaseController->renderFile('/srv/www/vhosts...', NULL, true)
#5 /srv/www/vhosts/yii-1.1/framework/web/CController.php(782): CController->renderPartial('index', NULL, true)
#6 /srv/www/vhosts/gitapi/protected/controllers/SiteController.php(32): CController->render('index')
#7 /srv/www/vhosts/yii-1.1/framework/web/actions/CInlineAction.php(49): SiteController->actionIndex()
#8 /srv/www/vhosts/yii-1.1/framework/web/CController.php(308): CInlineAction->runWithParams(Array)
#9 /srv/www/vhosts/yii-1.1/framework/web/CController.php(286): CController->runAction(Object(CInlineAction))
#10 /srv/www/vhosts/yii-1.1/framework/web/CController.php(265): CController->runActionWithFilters(Object(CInlineAction), Array)
#11 /srv/www/vhosts/yii-1.1/framework/web/CWebApplication.php(282): CController->run('')
#12 /srv/www/vhosts/yii-1.1/framework/web/CWebApplication.php(141): CWebApplication->runController('')
#13 /srv/www/vhosts/yii-1.1/framework/base/CApplication.php(184): CWebApplication->processRequest()
#14 /srv/www/vhosts/gitapi/index.php(13): CApplication->run()
#15 {main}
REQUEST_URI=/
---
2015/04/27 17:15:41 [error] [exception.CException] exception 'CException' with message 'Property "cURL.cookies" is not defined.' in /srv/www/vhosts/yii-1.1/framework/base/CComponent.php:173
Stack trace:
#0 /srv/www/vhosts/gitapi/protected/components/cURL.php(23): CComponent->__set('cookies', true)
#1 /srv/www/vhosts/gitapi/themes/gitapi/views/site/index.php(14): cURL->__construct()
#2 /srv/www/vhosts/yii-1.1/framework/web/CBaseController.php(126): require('/srv/www/vhosts...')
#3 /srv/www/vhosts/yii-1.1/framework/web/CBaseController.php(95): CBaseController->renderInternal('/srv/www/vhosts...', NULL, true)
#4 /srv/www/vhosts/yii-1.1/framework/web/CController.php(869): CBaseController->renderFile('/srv/www/vhosts...', NULL, true)
#5 /srv/www/vhosts/yii-1.1/framework/web/CController.php(782): CController->renderPartial('index', NULL, true)
#6 /srv/www/vhosts/gitapi/protected/controllers/SiteController.php(32): CController->render('index')
#7 /srv/www/vhosts/yii-1.1/framework/web/actions/CInlineAction.php(49): SiteController->actionIndex()
#8 /srv/www/vhosts/yii-1.1/framework/web/CController.php(308): CInlineAction->runWithParams(Array)
#9 /srv/www/vhosts/yii-1.1/framework/web/CController.php(286): CController->runAction(Object(CInlineAction))
#10 /srv/www/vhosts/yii-1.1/framework/web/CController.php(265): CController->runActionWithFilters(Object(CInlineAction), Array)
#11 /srv/www/vhosts/yii-1.1/framework/web/CWebApplication.php(282): CController->run('')
#12 /srv/www/vhosts/yii-1.1/framework/web/CWebApplication.php(141): CWebApplication->runController('')
#13 /srv/www/vhosts/yii-1.1/framework/base/CApplication.php(184): CWebApplication->processRequest()
#14 /srv/www/vhosts/gitapi/index.php(13): CApplication->run()
#15 {main}
REQUEST_URI=/
---
2015/04/27 17:15:42 [error] [exception.CException] exception 'CException' with message 'Property "cURL.cookies" is not defined.' in /srv/www/vhosts/yii-1.1/framework/base/CComponent.php:173
Stack trace:
#0 /srv/www/vhosts/gitapi/protected/components/cURL.php(23): CComponent->__set('cookies', true)
#1 /srv/www/vhosts/gitapi/themes/gitapi/views/site/index.php(14): cURL->__construct()
#2 /srv/www/vhosts/yii-1.1/framework/web/CBaseController.php(126): require('/srv/www/vhosts...')
#3 /srv/www/vhosts/yii-1.1/framework/web/CBaseController.php(95): CBaseController->renderInternal('/srv/www/vhosts...', NULL, true)
#4 /srv/www/vhosts/yii-1.1/framework/web/CController.php(869): CBaseController->renderFile('/srv/www/vhosts...', NULL, true)
#5 /srv/www/vhosts/yii-1.1/framework/web/CController.php(782): CController->renderPartial('index', NULL, true)
#6 /srv/www/vhosts/gitapi/protected/controllers/SiteController.php(32): CController->render('index')
#7 /srv/www/vhosts/yii-1.1/framework/web/actions/CInlineAction.php(49): SiteController->actionIndex()
#8 /srv/www/vhosts/yii-1.1/framework/web/CController.php(308): CInlineAction->runWithParams(Array)
#9 /srv/www/vhosts/yii-1.1/framework/web/CController.php(286): CController->runAction(Object(CInlineAction))
#10 /srv/www/vhosts/yii-1.1/framework/web/CController.php(265): CController->runActionWithFilters(Object(CInlineAction), Array)
#11 /srv/www/vhosts/yii-1.1/framework/web/CWebApplication.php(282): CController->run('')
#12 /srv/www/vhosts/yii-1.1/framework/web/CWebApplication.php(141): CWebApplication->runController('')
#13 /srv/www/vhosts/yii-1.1/framework/base/CApplication.php(184): CWebApplication->processRequest()
#14 /srv/www/vhosts/gitapi/index.php(13): CApplication->run()
#15 {main}
REQUEST_URI=/
---
2015/04/27 17:15:43 [error] [exception.CException] exception 'CException' with message 'Property "cURL.cookies" is not defined.' in /srv/www/vhosts/yii-1.1/framework/base/CComponent.php:173
Stack trace:
#0 /srv/www/vhosts/gitapi/protected/components/cURL.php(23): CComponent->__set('cookies', true)
#1 /srv/www/vhosts/gitapi/themes/gitapi/views/site/index.php(14): cURL->__construct()
#2 /srv/www/vhosts/yii-1.1/framework/web/CBaseController.php(126): require('/srv/www/vhosts...')
#3 /srv/www/vhosts/yii-1.1/framework/web/CBaseController.php(95): CBaseController->renderInternal('/srv/www/vhosts...', NULL, true)
#4 /srv/www/vhosts/yii-1.1/framework/web/CController.php(869): CBaseController->renderFile('/srv/www/vhosts...', NULL, true)
#5 /srv/www/vhosts/yii-1.1/framework/web/CController.php(782): CController->renderPartial('index', NULL, true)
#6 /srv/www/vhosts/gitapi/protected/controllers/SiteController.php(32): CController->render('index')
#7 /srv/www/vhosts/yii-1.1/framework/web/actions/CInlineAction.php(49): SiteController->actionIndex()
#8 /srv/www/vhosts/yii-1.1/framework/web/CController.php(308): CInlineAction->runWithParams(Array)
#9 /srv/www/vhosts/yii-1.1/framework/web/CController.php(286): CController->runAction(Object(CInlineAction))
#10 /srv/www/vhosts/yii-1.1/framework/web/CController.php(265): CController->runActionWithFilters(Object(CInlineAction), Array)
#11 /srv/www/vhosts/yii-1.1/framework/web/CWebApplication.php(282): CController->run('')
#12 /srv/www/vhosts/yii-1.1/framework/web/CWebApplication.php(141): CWebApplication->runController('')
#13 /srv/www/vhosts/yii-1.1/framework/base/CApplication.php(184): CWebApplication->processRequest()
#14 /srv/www/vhosts/gitapi/index.php(13): CApplication->run()
#15 {main}
REQUEST_URI=/
---
2015/04/27 17:16:18 [error] [exception.CException] exception 'CException' with message 'Property "cURL.cookies" is not defined.' in /srv/www/vhosts/yii-1.1/framework/base/CComponent.php:173
Stack trace:
#0 /srv/www/vhosts/gitapi/protected/components/cURL.php(24): CComponent->__set('cookies', true)
#1 /srv/www/vhosts/gitapi/themes/gitapi/views/site/index.php(14): cURL->__construct()
#2 /srv/www/vhosts/yii-1.1/framework/web/CBaseController.php(126): require('/srv/www/vhosts...')
#3 /srv/www/vhosts/yii-1.1/framework/web/CBaseController.php(95): CBaseController->renderInternal('/srv/www/vhosts...', NULL, true)
#4 /srv/www/vhosts/yii-1.1/framework/web/CController.php(869): CBaseController->renderFile('/srv/www/vhosts...', NULL, true)
#5 /srv/www/vhosts/yii-1.1/framework/web/CController.php(782): CController->renderPartial('index', NULL, true)
#6 /srv/www/vhosts/gitapi/protected/controllers/SiteController.php(32): CController->render('index')
#7 /srv/www/vhosts/yii-1.1/framework/web/actions/CInlineAction.php(49): SiteController->actionIndex()
#8 /srv/www/vhosts/yii-1.1/framework/web/CController.php(308): CInlineAction->runWithParams(Array)
#9 /srv/www/vhosts/yii-1.1/framework/web/CController.php(286): CController->runAction(Object(CInlineAction))
#10 /srv/www/vhosts/yii-1.1/framework/web/CController.php(265): CController->runActionWithFilters(Object(CInlineAction), Array)
#11 /srv/www/vhosts/yii-1.1/framework/web/CWebApplication.php(282): CController->run('')
#12 /srv/www/vhosts/yii-1.1/framework/web/CWebApplication.php(141): CWebApplication->runController('')
#13 /srv/www/vhosts/yii-1.1/framework/base/CApplication.php(184): CWebApplication->processRequest()
#14 /srv/www/vhosts/gitapi/index.php(13): CApplication->run()
#15 {main}
REQUEST_URI=/
---
2015/04/27 17:16:23 [error] [exception.CException] exception 'CException' with message 'Property "cURL.cookies" is not defined.' in /srv/www/vhosts/yii-1.1/framework/base/CComponent.php:173
Stack trace:
#0 /srv/www/vhosts/gitapi/protected/components/cURL.php(24): CComponent->__set('cookies', true)
#1 /srv/www/vhosts/gitapi/themes/gitapi/views/site/index.php(14): cURL->__construct()
#2 /srv/www/vhosts/yii-1.1/framework/web/CBaseController.php(126): require('/srv/www/vhosts...')
#3 /srv/www/vhosts/yii-1.1/framework/web/CBaseController.php(95): CBaseController->renderInternal('/srv/www/vhosts...', NULL, true)
#4 /srv/www/vhosts/yii-1.1/framework/web/CController.php(869): CBaseController->renderFile('/srv/www/vhosts...', NULL, true)
#5 /srv/www/vhosts/yii-1.1/framework/web/CController.php(782): CController->renderPartial('index', NULL, true)
#6 /srv/www/vhosts/gitapi/protected/controllers/SiteController.php(32): CController->render('index')
#7 /srv/www/vhosts/yii-1.1/framework/web/actions/CInlineAction.php(49): SiteController->actionIndex()
#8 /srv/www/vhosts/yii-1.1/framework/web/CController.php(308): CInlineAction->runWithParams(Array)
#9 /srv/www/vhosts/yii-1.1/framework/web/CController.php(286): CController->runAction(Object(CInlineAction))
#10 /srv/www/vhosts/yii-1.1/framework/web/CController.php(265): CController->runActionWithFilters(Object(CInlineAction), Array)
#11 /srv/www/vhosts/yii-1.1/framework/web/CWebApplication.php(282): CController->run('')
#12 /srv/www/vhosts/yii-1.1/framework/web/CWebApplication.php(141): CWebApplication->runController('')
#13 /srv/www/vhosts/yii-1.1/framework/base/CApplication.php(184): CWebApplication->processRequest()
#14 /srv/www/vhosts/gitapi/index.php(13): CApplication->run()
#15 {main}
REQUEST_URI=/
---
2015/04/27 17:16:24 [error] [exception.CException] exception 'CException' with message 'Property "cURL.cookies" is not defined.' in /srv/www/vhosts/yii-1.1/framework/base/CComponent.php:173
Stack trace:
#0 /srv/www/vhosts/gitapi/protected/components/cURL.php(24): CComponent->__set('cookies', true)
#1 /srv/www/vhosts/gitapi/themes/gitapi/views/site/index.php(14): cURL->__construct()
#2 /srv/www/vhosts/yii-1.1/framework/web/CBaseController.php(126): require('/srv/www/vhosts...')
#3 /srv/www/vhosts/yii-1.1/framework/web/CBaseController.php(95): CBaseController->renderInternal('/srv/www/vhosts...', NULL, true)
#4 /srv/www/vhosts/yii-1.1/framework/web/CController.php(869): CBaseController->renderFile('/srv/www/vhosts...', NULL, true)
#5 /srv/www/vhosts/yii-1.1/framework/web/CController.php(782): CController->renderPartial('index', NULL, true)
#6 /srv/www/vhosts/gitapi/protected/controllers/SiteController.php(32): CController->render('index')
#7 /srv/www/vhosts/yii-1.1/framework/web/actions/CInlineAction.php(49): SiteController->actionIndex()
#8 /srv/www/vhosts/yii-1.1/framework/web/CController.php(308): CInlineAction->runWithParams(Array)
#9 /srv/www/vhosts/yii-1.1/framework/web/CController.php(286): CController->runAction(Object(CInlineAction))
#10 /srv/www/vhosts/yii-1.1/framework/web/CController.php(265): CController->runActionWithFilters(Object(CInlineAction), Array)
#11 /srv/www/vhosts/yii-1.1/framework/web/CWebApplication.php(282): CController->run('')
#12 /srv/www/vhosts/yii-1.1/framework/web/CWebApplication.php(141): CWebApplication->runController('')
#13 /srv/www/vhosts/yii-1.1/framework/base/CApplication.php(184): CWebApplication->processRequest()
#14 /srv/www/vhosts/gitapi/index.php(13): CApplication->run()
#15 {main}
REQUEST_URI=/
---
2015/04/27 17:16:25 [error] [exception.CException] exception 'CException' with message 'Property "cURL.cookies" is not defined.' in /srv/www/vhosts/yii-1.1/framework/base/CComponent.php:173
Stack trace:
#0 /srv/www/vhosts/gitapi/protected/components/cURL.php(24): CComponent->__set('cookies', true)
#1 /srv/www/vhosts/gitapi/themes/gitapi/views/site/index.php(14): cURL->__construct()
#2 /srv/www/vhosts/yii-1.1/framework/web/CBaseController.php(126): require('/srv/www/vhosts...')
#3 /srv/www/vhosts/yii-1.1/framework/web/CBaseController.php(95): CBaseController->renderInternal('/srv/www/vhosts...', NULL, true)
#4 /srv/www/vhosts/yii-1.1/framework/web/CController.php(869): CBaseController->renderFile('/srv/www/vhosts...', NULL, true)
#5 /srv/www/vhosts/yii-1.1/framework/web/CController.php(782): CController->renderPartial('index', NULL, true)
#6 /srv/www/vhosts/gitapi/protected/controllers/SiteController.php(32): CController->render('index')
#7 /srv/www/vhosts/yii-1.1/framework/web/actions/CInlineAction.php(49): SiteController->actionIndex()
#8 /srv/www/vhosts/yii-1.1/framework/web/CController.php(308): CInlineAction->runWithParams(Array)
#9 /srv/www/vhosts/yii-1.1/framework/web/CController.php(286): CController->runAction(Object(CInlineAction))
#10 /srv/www/vhosts/yii-1.1/framework/web/CController.php(265): CController->runActionWithFilters(Object(CInlineAction), Array)
#11 /srv/www/vhosts/yii-1.1/framework/web/CWebApplication.php(282): CController->run('')
#12 /srv/www/vhosts/yii-1.1/framework/web/CWebApplication.php(141): CWebApplication->runController('')
#13 /srv/www/vhosts/yii-1.1/framework/base/CApplication.php(184): CWebApplication->processRequest()
#14 /srv/www/vhosts/gitapi/index.php(13): CApplication->run()
#15 {main}
REQUEST_URI=/
---
2015/04/27 17:16:25 [error] [exception.CException] exception 'CException' with message 'Property "cURL.cookies" is not defined.' in /srv/www/vhosts/yii-1.1/framework/base/CComponent.php:173
Stack trace:
#0 /srv/www/vhosts/gitapi/protected/components/cURL.php(24): CComponent->__set('cookies', true)
#1 /srv/www/vhosts/gitapi/themes/gitapi/views/site/index.php(14): cURL->__construct()
#2 /srv/www/vhosts/yii-1.1/framework/web/CBaseController.php(126): require('/srv/www/vhosts...')
#3 /srv/www/vhosts/yii-1.1/framework/web/CBaseController.php(95): CBaseController->renderInternal('/srv/www/vhosts...', NULL, true)
#4 /srv/www/vhosts/yii-1.1/framework/web/CController.php(869): CBaseController->renderFile('/srv/www/vhosts...', NULL, true)
#5 /srv/www/vhosts/yii-1.1/framework/web/CController.php(782): CController->renderPartial('index', NULL, true)
#6 /srv/www/vhosts/gitapi/protected/controllers/SiteController.php(32): CController->render('index')
#7 /srv/www/vhosts/yii-1.1/framework/web/actions/CInlineAction.php(49): SiteController->actionIndex()
#8 /srv/www/vhosts/yii-1.1/framework/web/CController.php(308): CInlineAction->runWithParams(Array)
#9 /srv/www/vhosts/yii-1.1/framework/web/CController.php(286): CController->runAction(Object(CInlineAction))
#10 /srv/www/vhosts/yii-1.1/framework/web/CController.php(265): CController->runActionWithFilters(Object(CInlineAction), Array)
#11 /srv/www/vhosts/yii-1.1/framework/web/CWebApplication.php(282): CController->run('')
#12 /srv/www/vhosts/yii-1.1/framework/web/CWebApplication.php(141): CWebApplication->runController('')
#13 /srv/www/vhosts/yii-1.1/framework/base/CApplication.php(184): CWebApplication->processRequest()
#14 /srv/www/vhosts/gitapi/index.php(13): CApplication->run()
#15 {main}
REQUEST_URI=/
---
2015/04/27 17:25:47 [error] [php] Invalid argument supplied for foreach() (/srv/www/vhosts/gitapi/themes/gitapi/views/site/index.php:22)
Stack trace:
#0 /srv/www/vhosts/yii-1.1/framework/web/CController.php(869): SiteController->renderFile()
#1 /srv/www/vhosts/yii-1.1/framework/web/CController.php(782): SiteController->renderPartial()
#2 /srv/www/vhosts/gitapi/protected/controllers/SiteController.php(32): SiteController->render()
#3 /srv/www/vhosts/yii-1.1/framework/web/actions/CInlineAction.php(49): SiteController->actionIndex()
#4 /srv/www/vhosts/yii-1.1/framework/web/CController.php(308): CInlineAction->runWithParams()
#5 /srv/www/vhosts/yii-1.1/framework/web/CController.php(286): SiteController->runAction()
#6 /srv/www/vhosts/yii-1.1/framework/web/CController.php(265): SiteController->runActionWithFilters()
#7 /srv/www/vhosts/yii-1.1/framework/web/CWebApplication.php(282): SiteController->run()
#8 /srv/www/vhosts/yii-1.1/framework/web/CWebApplication.php(141): CWebApplication->runController()
#9 /srv/www/vhosts/yii-1.1/framework/base/CApplication.php(184): CWebApplication->processRequest()
#10 /srv/www/vhosts/gitapi/index.php(13): CWebApplication->run()
REQUEST_URI=/
in /srv/www/vhosts/gitapi/themes/gitapi/views/site/index.php (22)
in /srv/www/vhosts/gitapi/protected/controllers/SiteController.php (32)
in /srv/www/vhosts/gitapi/index.php (13)
2015/05/04 08:23:03 [error] [php] curl_exec() expects parameter 1 to be resource, string given (/srv/www/vhosts/gitapi/themes/gitapi/views/site/index.php:29)
Stack trace:
#0 /srv/www/vhosts/yii-1.1/framework/web/CBaseController.php(95): SiteController->renderInternal()
#1 /srv/www/vhosts/yii-1.1/framework/web/CController.php(869): SiteController->renderFile()
#2 /srv/www/vhosts/yii-1.1/framework/web/CController.php(782): SiteController->renderPartial()
#3 /srv/www/vhosts/gitapi/protected/controllers/SiteController.php(32): SiteController->render()
#4 /srv/www/vhosts/yii-1.1/framework/web/actions/CInlineAction.php(49): SiteController->actionIndex()
#5 /srv/www/vhosts/yii-1.1/framework/web/CController.php(308): CInlineAction->runWithParams()
#6 /srv/www/vhosts/yii-1.1/framework/web/CController.php(286): SiteController->runAction()
#7 /srv/www/vhosts/yii-1.1/framework/web/CController.php(265): SiteController->runActionWithFilters()
#8 /srv/www/vhosts/yii-1.1/framework/web/CWebApplication.php(282): SiteController->run()
#9 /srv/www/vhosts/yii-1.1/framework/web/CWebApplication.php(141): CWebApplication->runController()
#10 /srv/www/vhosts/yii-1.1/framework/base/CApplication.php(184): CWebApplication->processRequest()
#11 /srv/www/vhosts/gitapi/index.php(13): CWebApplication->run()
REQUEST_URI=/
in /srv/www/vhosts/gitapi/themes/gitapi/views/site/index.php (29)
in /srv/www/vhosts/gitapi/protected/controllers/SiteController.php (32)
in /srv/www/vhosts/gitapi/index.php (13)
2015/05/06 19:08:05 [error] [php] Missing argument 1 for GitAuth2::apiRequest(), called in /srv/www/vhosts/gitapi/protected/controllers/SiteController.php on line 34 and defined (/srv/www/vhosts/gitapi/protected/components/GitAuth2.php:95)
Stack trace:
#0 /srv/www/vhosts/yii-1.1/framework/web/CController.php(308): CInlineAction->runWithParams()
#1 /srv/www/vhosts/yii-1.1/framework/web/CController.php(286): SiteController->runAction()
#2 /srv/www/vhosts/yii-1.1/framework/web/CController.php(265): SiteController->runActionWithFilters()
#3 /srv/www/vhosts/yii-1.1/framework/web/CWebApplication.php(282): SiteController->run()
#4 /srv/www/vhosts/yii-1.1/framework/web/CWebApplication.php(141): CWebApplication->runController()
#5 /srv/www/vhosts/yii-1.1/framework/base/CApplication.php(184): CWebApplication->processRequest()
#6 /srv/www/vhosts/gitapi/index.php(13): CWebApplication->run()
REQUEST_URI=/index.php
in /srv/www/vhosts/gitapi/protected/components/GitAuth2.php (95)
in /srv/www/vhosts/gitapi/protected/controllers/SiteController.php (34)
in /srv/www/vhosts/gitapi/index.php (13)
2015/05/06 19:19:30 [error] [php] array_key_exists() expects parameter 2 to be array, null given (/srv/www/vhosts/gitapi/protected/components/GitAuth2.php:124)
Stack trace:
#0 /srv/www/vhosts/gitapi/protected/controllers/SiteController.php(34): GitAuth2->search()
#1 /srv/www/vhosts/yii-1.1/framework/web/actions/CInlineAction.php(49): SiteController->actionIndex()
#2 /srv/www/vhosts/yii-1.1/framework/web/CController.php(308): CInlineAction->runWithParams()
#3 /srv/www/vhosts/yii-1.1/framework/web/CController.php(286): SiteController->runAction()
#4 /srv/www/vhosts/yii-1.1/framework/web/CController.php(265): SiteController->runActionWithFilters()
#5 /srv/www/vhosts/yii-1.1/framework/web/CWebApplication.php(282): SiteController->run()
#6 /srv/www/vhosts/yii-1.1/framework/web/CWebApplication.php(141): CWebApplication->runController()
#7 /srv/www/vhosts/yii-1.1/framework/base/CApplication.php(184): CWebApplication->processRequest()
#8 /srv/www/vhosts/gitapi/index.php(13): CWebApplication->run()
REQUEST_URI=/index.php
in /srv/www/vhosts/gitapi/protected/components/GitAuth2.php (124)
in /srv/www/vhosts/gitapi/protected/components/GitAuth2.php (138)
in /srv/www/vhosts/gitapi/protected/controllers/SiteController.php (34)
2015/05/06 19:19:31 [error] [php] array_key_exists() expects parameter 2 to be array, null given (/srv/www/vhosts/gitapi/protected/components/GitAuth2.php:124)
Stack trace:
#0 /srv/www/vhosts/gitapi/protected/controllers/SiteController.php(34): GitAuth2->search()
#1 /srv/www/vhosts/yii-1.1/framework/web/actions/CInlineAction.php(49): SiteController->actionIndex()
#2 /srv/www/vhosts/yii-1.1/framework/web/CController.php(308): CInlineAction->runWithParams()
#3 /srv/www/vhosts/yii-1.1/framework/web/CController.php(286): SiteController->runAction()
#4 /srv/www/vhosts/yii-1.1/framework/web/CController.php(265): SiteController->runActionWithFilters()
#5 /srv/www/vhosts/yii-1.1/framework/web/CWebApplication.php(282): SiteController->run()
#6 /srv/www/vhosts/yii-1.1/framework/web/CWebApplication.php(141): CWebApplication->runController()
#7 /srv/www/vhosts/yii-1.1/framework/base/CApplication.php(184): CWebApplication->processRequest()
#8 /srv/www/vhosts/gitapi/index.php(13): CWebApplication->run()
REQUEST_URI=/index.php
in /srv/www/vhosts/gitapi/protected/components/GitAuth2.php (124)
in /srv/www/vhosts/gitapi/protected/components/GitAuth2.php (138)
in /srv/www/vhosts/gitapi/protected/controllers/SiteController.php (34)
2015/05/06 19:20:28 [error] [php] array_key_exists() expects parameter 2 to be array, null given (/srv/www/vhosts/gitapi/protected/components/GitAuth2.php:124)
Stack trace:
#0 /srv/www/vhosts/gitapi/protected/controllers/SiteController.php(34): GitAuth2->search()
#1 /srv/www/vhosts/yii-1.1/framework/web/actions/CInlineAction.php(49): SiteController->actionIndex()
#2 /srv/www/vhosts/yii-1.1/framework/web/CController.php(308): CInlineAction->runWithParams()
#3 /srv/www/vhosts/yii-1.1/framework/web/CController.php(286): SiteController->runAction()
#4 /srv/www/vhosts/yii-1.1/framework/web/CController.php(265): SiteController->runActionWithFilters()
#5 /srv/www/vhosts/yii-1.1/framework/web/CWebApplication.php(282): SiteController->run()
#6 /srv/www/vhosts/yii-1.1/framework/web/CWebApplication.php(141): CWebApplication->runController()
#7 /srv/www/vhosts/yii-1.1/framework/base/CApplication.php(184): CWebApplication->processRequest()
#8 /srv/www/vhosts/gitapi/index.php(13): CWebApplication->run()
REQUEST_URI=/index.php
in /srv/www/vhosts/gitapi/protected/components/GitAuth2.php (124)
in /srv/www/vhosts/gitapi/protected/components/GitAuth2.php (138)
in /srv/www/vhosts/gitapi/protected/controllers/SiteController.php (34)
